

Started GET "/" for 127.0.0.1 at 2016-02-18 23:04:32 +0530
Processing by Rails::WelcomeController#index as HTML
  Rendered /home/sambhav/.rvm/gems/ruby-2.1.2/gems/railties-4.1.4/lib/rails/templates/rails/welcome/index.html.erb (13.4ms)
Completed 200 OK in 98ms (Views: 81.4ms | ActiveRecord: 0.0ms)


Started GET "/" for 127.0.0.1 at 2016-02-18 23:16:44 +0530
Processing by WelcomeController#index as HTML
  Rendered welcome/index.html.erb within layouts/application (0.8ms)
Completed 200 OK in 896ms (Views: 889.6ms | ActiveRecord: 0.0ms)


Started GET "/assets/application.css?body=1" for 127.0.0.1 at 2016-02-18 23:16:45 +0530


Started GET "/assets/welcome.css?body=1" for 127.0.0.1 at 2016-02-18 23:16:45 +0530


Started GET "/assets/jquery_ujs.js?body=1" for 127.0.0.1 at 2016-02-18 23:16:45 +0530


Started GET "/assets/turbolinks.js?body=1" for 127.0.0.1 at 2016-02-18 23:16:45 +0530


Started GET "/assets/jquery.js?body=1" for 127.0.0.1 at 2016-02-18 23:16:45 +0530


Started GET "/assets/application.js?body=1" for 127.0.0.1 at 2016-02-18 23:16:45 +0530


Started GET "/assets/welcome.js?body=1" for 127.0.0.1 at 2016-02-18 23:16:45 +0530


Started GET "/welcome/index" for 127.0.0.1 at 2016-02-18 23:16:52 +0530
Processing by WelcomeController#index as HTML
  Rendered welcome/index.html.erb within layouts/application (0.0ms)
Completed 200 OK in 55ms (Views: 54.0ms | ActiveRecord: 0.0ms)


Started GET "/tweets" for 127.0.0.1 at 2016-02-18 23:22:29 +0530

AbstractController::ActionNotFound (The action 'index' could not be found for TweetsController):
  actionpack (4.1.4) lib/abstract_controller/base.rb:131:in `process'
  actionview (4.1.4) lib/action_view/rendering.rb:30:in `process'
  actionpack (4.1.4) lib/action_controller/metal.rb:196:in `dispatch'
  actionpack (4.1.4) lib/action_controller/metal/rack_delegation.rb:13:in `dispatch'
  actionpack (4.1.4) lib/action_controller/metal.rb:232:in `block in action'
  actionpack (4.1.4) lib/action_dispatch/routing/route_set.rb:82:in `call'
  actionpack (4.1.4) lib/action_dispatch/routing/route_set.rb:82:in `dispatch'
  actionpack (4.1.4) lib/action_dispatch/routing/route_set.rb:50:in `call'
  actionpack (4.1.4) lib/action_dispatch/journey/router.rb:71:in `block in call'
  actionpack (4.1.4) lib/action_dispatch/journey/router.rb:59:in `each'
  actionpack (4.1.4) lib/action_dispatch/journey/router.rb:59:in `call'
  actionpack (4.1.4) lib/action_dispatch/routing/route_set.rb:678:in `call'
  rack (1.5.5) lib/rack/etag.rb:23:in `call'
  rack (1.5.5) lib/rack/conditionalget.rb:25:in `call'
  rack (1.5.5) lib/rack/head.rb:11:in `call'
  actionpack (4.1.4) lib/action_dispatch/middleware/params_parser.rb:27:in `call'
  actionpack (4.1.4) lib/action_dispatch/middleware/flash.rb:254:in `call'
  rack (1.5.5) lib/rack/session/abstract/id.rb:225:in `context'
  rack (1.5.5) lib/rack/session/abstract/id.rb:220:in `call'
  actionpack (4.1.4) lib/action_dispatch/middleware/cookies.rb:560:in `call'
  activerecord (4.1.4) lib/active_record/query_cache.rb:36:in `call'
  activerecord (4.1.4) lib/active_record/connection_adapters/abstract/connection_pool.rb:621:in `call'
  activerecord (4.1.4) lib/active_record/migration.rb:380:in `call'
  actionpack (4.1.4) lib/action_dispatch/middleware/callbacks.rb:29:in `block in call'
  activesupport (4.1.4) lib/active_support/callbacks.rb:82:in `run_callbacks'
  actionpack (4.1.4) lib/action_dispatch/middleware/callbacks.rb:27:in `call'
  actionpack (4.1.4) lib/action_dispatch/middleware/reloader.rb:73:in `call'
  actionpack (4.1.4) lib/action_dispatch/middleware/remote_ip.rb:76:in `call'
  actionpack (4.1.4) lib/action_dispatch/middleware/debug_exceptions.rb:17:in `call'
  actionpack (4.1.4) lib/action_dispatch/middleware/show_exceptions.rb:30:in `call'
  railties (4.1.4) lib/rails/rack/logger.rb:38:in `call_app'
  railties (4.1.4) lib/rails/rack/logger.rb:20:in `block in call'
  activesupport (4.1.4) lib/active_support/tagged_logging.rb:68:in `block in tagged'
  activesupport (4.1.4) lib/active_support/tagged_logging.rb:26:in `tagged'
  activesupport (4.1.4) lib/active_support/tagged_logging.rb:68:in `tagged'
  railties (4.1.4) lib/rails/rack/logger.rb:20:in `call'
  actionpack (4.1.4) lib/action_dispatch/middleware/request_id.rb:21:in `call'
  rack (1.5.5) lib/rack/methodoverride.rb:21:in `call'
  rack (1.5.5) lib/rack/runtime.rb:17:in `call'
  activesupport (4.1.4) lib/active_support/cache/strategy/local_cache_middleware.rb:26:in `call'
  rack (1.5.5) lib/rack/lock.rb:17:in `call'
  actionpack (4.1.4) lib/action_dispatch/middleware/static.rb:64:in `call'
  rack (1.5.5) lib/rack/sendfile.rb:112:in `call'
  railties (4.1.4) lib/rails/engine.rb:514:in `call'
  railties (4.1.4) lib/rails/application.rb:144:in `call'
  rack (1.5.5) lib/rack/lock.rb:17:in `call'
  rack (1.5.5) lib/rack/content_length.rb:14:in `call'
  rack (1.5.5) lib/rack/handler/webrick.rb:60:in `service'
  /home/sambhav/.rvm/rubies/ruby-2.1.2/lib/ruby/2.1.0/webrick/httpserver.rb:138:in `service'
  /home/sambhav/.rvm/rubies/ruby-2.1.2/lib/ruby/2.1.0/webrick/httpserver.rb:94:in `run'
  /home/sambhav/.rvm/rubies/ruby-2.1.2/lib/ruby/2.1.0/webrick/server.rb:295:in `block in start_thread'


  Rendered /home/sambhav/.rvm/gems/ruby-2.1.2/gems/actionpack-4.1.4/lib/action_dispatch/middleware/templates/rescues/unknown_action.html.erb within rescues/layout (0.9ms)


Started GET "/tweets" for 127.0.0.1 at 2016-02-18 23:22:41 +0530
Processing by TweetsController#index as HTML
Completed 500 Internal Server Error in 11ms

ActionView::MissingTemplate (Missing template tweets/index, application/index with {:locale=>[:en], :formats=>[:html], :variants=>[], :handlers=>[:erb, :builder, :raw, :ruby, :coffee, :jbuilder]}. Searched in:
  * "/home/sambhav/test/tails/app/views"
):
  actionview (4.1.4) lib/action_view/path_set.rb:46:in `find'
  actionview (4.1.4) lib/action_view/lookup_context.rb:124:in `find'
  actionview (4.1.4) lib/action_view/renderer/abstract_renderer.rb:18:in `find_template'
  actionview (4.1.4) lib/action_view/renderer/template_renderer.rb:41:in `determine_template'
  actionview (4.1.4) lib/action_view/renderer/template_renderer.rb:8:in `render'
  actionview (4.1.4) lib/action_view/renderer/renderer.rb:42:in `render_template'
  actionview (4.1.4) lib/action_view/renderer/renderer.rb:23:in `render'
  actionview (4.1.4) lib/action_view/rendering.rb:99:in `_render_template'
  actionpack (4.1.4) lib/action_controller/metal/streaming.rb:217:in `_render_template'
  actionview (4.1.4) lib/action_view/rendering.rb:82:in `render_to_body'
  actionpack (4.1.4) lib/action_controller/metal/rendering.rb:32:in `render_to_body'
  actionpack (4.1.4) lib/action_controller/metal/renderers.rb:32:in `render_to_body'
  actionpack (4.1.4) lib/abstract_controller/rendering.rb:25:in `render'
  actionpack (4.1.4) lib/action_controller/metal/rendering.rb:16:in `render'
  actionpack (4.1.4) lib/action_controller/metal/instrumentation.rb:41:in `block (2 levels) in render'
  activesupport (4.1.4) lib/active_support/core_ext/benchmark.rb:12:in `block in ms'
  /home/sambhav/.rvm/rubies/ruby-2.1.2/lib/ruby/2.1.0/benchmark.rb:294:in `realtime'
  activesupport (4.1.4) lib/active_support/core_ext/benchmark.rb:12:in `ms'
  actionpack (4.1.4) lib/action_controller/metal/instrumentation.rb:41:in `block in render'
  actionpack (4.1.4) lib/action_controller/metal/instrumentation.rb:84:in `cleanup_view_runtime'
  activerecord (4.1.4) lib/active_record/railties/controller_runtime.rb:25:in `cleanup_view_runtime'
  actionpack (4.1.4) lib/action_controller/metal/instrumentation.rb:40:in `render'
  actionpack (4.1.4) lib/action_controller/metal/implicit_render.rb:10:in `default_render'
  actionpack (4.1.4) lib/action_controller/metal/implicit_render.rb:5:in `send_action'
  actionpack (4.1.4) lib/abstract_controller/base.rb:189:in `process_action'
  actionpack (4.1.4) lib/action_controller/metal/rendering.rb:10:in `process_action'
  actionpack (4.1.4) lib/abstract_controller/callbacks.rb:20:in `block in process_action'
  activesupport (4.1.4) lib/active_support/callbacks.rb:113:in `call'
  activesupport (4.1.4) lib/active_support/callbacks.rb:113:in `call'
  activesupport (4.1.4) lib/active_support/callbacks.rb:229:in `block in halting'
  activesupport (4.1.4) lib/active_support/callbacks.rb:229:in `call'
  activesupport (4.1.4) lib/active_support/callbacks.rb:229:in `block in halting'
  activesupport (4.1.4) lib/active_support/callbacks.rb:166:in `call'
  activesupport (4.1.4) lib/active_support/callbacks.rb:166:in `block in halting'
  activesupport (4.1.4) lib/active_support/callbacks.rb:166:in `call'
  activesupport (4.1.4) lib/active_support/callbacks.rb:166:in `block in halting'
  activesupport (4.1.4) lib/active_support/callbacks.rb:166:in `call'
  activesupport (4.1.4) lib/active_support/callbacks.rb:166:in `block in halting'
  activesupport (4.1.4) lib/active_support/callbacks.rb:86:in `call'
  activesupport (4.1.4) lib/active_support/callbacks.rb:86:in `run_callbacks'
  actionpack (4.1.4) lib/abstract_controller/callbacks.rb:19:in `process_action'
  actionpack (4.1.4) lib/action_controller/metal/rescue.rb:29:in `process_action'
  actionpack (4.1.4) lib/action_controller/metal/instrumentation.rb:31:in `block in process_action'
  activesupport (4.1.4) lib/active_support/notifications.rb:159:in `block in instrument'
  activesupport (4.1.4) lib/active_support/notifications/instrumenter.rb:20:in `instrument'
  activesupport (4.1.4) lib/active_support/notifications.rb:159:in `instrument'
  actionpack (4.1.4) lib/action_controller/metal/instrumentation.rb:30:in `process_action'
  actionpack (4.1.4) lib/action_controller/metal/params_wrapper.rb:250:in `process_action'
  activerecord (4.1.4) lib/active_record/railties/controller_runtime.rb:18:in `process_action'
  actionpack (4.1.4) lib/abstract_controller/base.rb:136:in `process'
  actionview (4.1.4) lib/action_view/rendering.rb:30:in `process'
  actionpack (4.1.4) lib/action_controller/metal.rb:196:in `dispatch'
  actionpack (4.1.4) lib/action_controller/metal/rack_delegation.rb:13:in `dispatch'
  actionpack (4.1.4) lib/action_controller/metal.rb:232:in `block in action'
  actionpack (4.1.4) lib/action_dispatch/routing/route_set.rb:82:in `call'
  actionpack (4.1.4) lib/action_dispatch/routing/route_set.rb:82:in `dispatch'
  actionpack (4.1.4) lib/action_dispatch/routing/route_set.rb:50:in `call'
  actionpack (4.1.4) lib/action_dispatch/journey/router.rb:71:in `block in call'
  actionpack (4.1.4) lib/action_dispatch/journey/router.rb:59:in `each'
  actionpack (4.1.4) lib/action_dispatch/journey/router.rb:59:in `call'
  actionpack (4.1.4) lib/action_dispatch/routing/route_set.rb:678:in `call'
  rack (1.5.5) lib/rack/etag.rb:23:in `call'
  rack (1.5.5) lib/rack/conditionalget.rb:25:in `call'
  rack (1.5.5) lib/rack/head.rb:11:in `call'
  actionpack (4.1.4) lib/action_dispatch/middleware/params_parser.rb:27:in `call'
  actionpack (4.1.4) lib/action_dispatch/middleware/flash.rb:254:in `call'
  rack (1.5.5) lib/rack/session/abstract/id.rb:225:in `context'
  rack (1.5.5) lib/rack/session/abstract/id.rb:220:in `call'
  actionpack (4.1.4) lib/action_dispatch/middleware/cookies.rb:560:in `call'
  activerecord (4.1.4) lib/active_record/query_cache.rb:36:in `call'
  activerecord (4.1.4) lib/active_record/connection_adapters/abstract/connection_pool.rb:621:in `call'
  activerecord (4.1.4) lib/active_record/migration.rb:380:in `call'
  actionpack (4.1.4) lib/action_dispatch/middleware/callbacks.rb:29:in `block in call'
  activesupport (4.1.4) lib/active_support/callbacks.rb:82:in `run_callbacks'
  actionpack (4.1.4) lib/action_dispatch/middleware/callbacks.rb:27:in `call'
  actionpack (4.1.4) lib/action_dispatch/middleware/reloader.rb:73:in `call'
  actionpack (4.1.4) lib/action_dispatch/middleware/remote_ip.rb:76:in `call'
  actionpack (4.1.4) lib/action_dispatch/middleware/debug_exceptions.rb:17:in `call'
  actionpack (4.1.4) lib/action_dispatch/middleware/show_exceptions.rb:30:in `call'
  railties (4.1.4) lib/rails/rack/logger.rb:38:in `call_app'
  railties (4.1.4) lib/rails/rack/logger.rb:20:in `block in call'
  activesupport (4.1.4) lib/active_support/tagged_logging.rb:68:in `block in tagged'
  activesupport (4.1.4) lib/active_support/tagged_logging.rb:26:in `tagged'
  activesupport (4.1.4) lib/active_support/tagged_logging.rb:68:in `tagged'
  railties (4.1.4) lib/rails/rack/logger.rb:20:in `call'
  actionpack (4.1.4) lib/action_dispatch/middleware/request_id.rb:21:in `call'
  rack (1.5.5) lib/rack/methodoverride.rb:21:in `call'
  rack (1.5.5) lib/rack/runtime.rb:17:in `call'
  activesupport (4.1.4) lib/active_support/cache/strategy/local_cache_middleware.rb:26:in `call'
  rack (1.5.5) lib/rack/lock.rb:17:in `call'
  actionpack (4.1.4) lib/action_dispatch/middleware/static.rb:64:in `call'
  rack (1.5.5) lib/rack/sendfile.rb:112:in `call'
  railties (4.1.4) lib/rails/engine.rb:514:in `call'
  railties (4.1.4) lib/rails/application.rb:144:in `call'
  rack (1.5.5) lib/rack/lock.rb:17:in `call'
  rack (1.5.5) lib/rack/content_length.rb:14:in `call'
  rack (1.5.5) lib/rack/handler/webrick.rb:60:in `service'
  /home/sambhav/.rvm/rubies/ruby-2.1.2/lib/ruby/2.1.0/webrick/httpserver.rb:138:in `service'
  /home/sambhav/.rvm/rubies/ruby-2.1.2/lib/ruby/2.1.0/webrick/httpserver.rb:94:in `run'
  /home/sambhav/.rvm/rubies/ruby-2.1.2/lib/ruby/2.1.0/webrick/server.rb:295:in `block in start_thread'


  Rendered /home/sambhav/.rvm/gems/ruby-2.1.2/gems/actionpack-4.1.4/lib/action_dispatch/middleware/templates/rescues/missing_template.html.erb within rescues/layout (0.4ms)


Started GET "/tweets/tweets" for 127.0.0.1 at 2016-02-18 23:23:07 +0530

AbstractController::ActionNotFound (The action 'show' could not be found for TweetsController):
  actionpack (4.1.4) lib/abstract_controller/base.rb:131:in `process'
  actionview (4.1.4) lib/action_view/rendering.rb:30:in `process'
  actionpack (4.1.4) lib/action_controller/metal.rb:196:in `dispatch'
  actionpack (4.1.4) lib/action_controller/metal/rack_delegation.rb:13:in `dispatch'
  actionpack (4.1.4) lib/action_controller/metal.rb:232:in `block in action'
  actionpack (4.1.4) lib/action_dispatch/routing/route_set.rb:82:in `call'
  actionpack (4.1.4) lib/action_dispatch/routing/route_set.rb:82:in `dispatch'
  actionpack (4.1.4) lib/action_dispatch/routing/route_set.rb:50:in `call'
  actionpack (4.1.4) lib/action_dispatch/journey/router.rb:71:in `block in call'
  actionpack (4.1.4) lib/action_dispatch/journey/router.rb:59:in `each'
  actionpack (4.1.4) lib/action_dispatch/journey/router.rb:59:in `call'
  actionpack (4.1.4) lib/action_dispatch/routing/route_set.rb:678:in `call'
  rack (1.5.5) lib/rack/etag.rb:23:in `call'
  rack (1.5.5) lib/rack/conditionalget.rb:25:in `call'
  rack (1.5.5) lib/rack/head.rb:11:in `call'
  actionpack (4.1.4) lib/action_dispatch/middleware/params_parser.rb:27:in `call'
  actionpack (4.1.4) lib/action_dispatch/middleware/flash.rb:254:in `call'
  rack (1.5.5) lib/rack/session/abstract/id.rb:225:in `context'
  rack (1.5.5) lib/rack/session/abstract/id.rb:220:in `call'
  actionpack (4.1.4) lib/action_dispatch/middleware/cookies.rb:560:in `call'
  activerecord (4.1.4) lib/active_record/query_cache.rb:36:in `call'
  activerecord (4.1.4) lib/active_record/connection_adapters/abstract/connection_pool.rb:621:in `call'
  activerecord (4.1.4) lib/active_record/migration.rb:380:in `call'
  actionpack (4.1.4) lib/action_dispatch/middleware/callbacks.rb:29:in `block in call'
  activesupport (4.1.4) lib/active_support/callbacks.rb:82:in `run_callbacks'
  actionpack (4.1.4) lib/action_dispatch/middleware/callbacks.rb:27:in `call'
  actionpack (4.1.4) lib/action_dispatch/middleware/reloader.rb:73:in `call'
  actionpack (4.1.4) lib/action_dispatch/middleware/remote_ip.rb:76:in `call'
  actionpack (4.1.4) lib/action_dispatch/middleware/debug_exceptions.rb:17:in `call'
  actionpack (4.1.4) lib/action_dispatch/middleware/show_exceptions.rb:30:in `call'
  railties (4.1.4) lib/rails/rack/logger.rb:38:in `call_app'
  railties (4.1.4) lib/rails/rack/logger.rb:20:in `block in call'
  activesupport (4.1.4) lib/active_support/tagged_logging.rb:68:in `block in tagged'
  activesupport (4.1.4) lib/active_support/tagged_logging.rb:26:in `tagged'
  activesupport (4.1.4) lib/active_support/tagged_logging.rb:68:in `tagged'
  railties (4.1.4) lib/rails/rack/logger.rb:20:in `call'
  actionpack (4.1.4) lib/action_dispatch/middleware/request_id.rb:21:in `call'
  rack (1.5.5) lib/rack/methodoverride.rb:21:in `call'
  rack (1.5.5) lib/rack/runtime.rb:17:in `call'
  activesupport (4.1.4) lib/active_support/cache/strategy/local_cache_middleware.rb:26:in `call'
  rack (1.5.5) lib/rack/lock.rb:17:in `call'
  actionpack (4.1.4) lib/action_dispatch/middleware/static.rb:64:in `call'
  rack (1.5.5) lib/rack/sendfile.rb:112:in `call'
  railties (4.1.4) lib/rails/engine.rb:514:in `call'
  railties (4.1.4) lib/rails/application.rb:144:in `call'
  rack (1.5.5) lib/rack/lock.rb:17:in `call'
  rack (1.5.5) lib/rack/content_length.rb:14:in `call'
  rack (1.5.5) lib/rack/handler/webrick.rb:60:in `service'
  /home/sambhav/.rvm/rubies/ruby-2.1.2/lib/ruby/2.1.0/webrick/httpserver.rb:138:in `service'
  /home/sambhav/.rvm/rubies/ruby-2.1.2/lib/ruby/2.1.0/webrick/httpserver.rb:94:in `run'
  /home/sambhav/.rvm/rubies/ruby-2.1.2/lib/ruby/2.1.0/webrick/server.rb:295:in `block in start_thread'


  Rendered /home/sambhav/.rvm/gems/ruby-2.1.2/gems/actionpack-4.1.4/lib/action_dispatch/middleware/templates/rescues/unknown_action.html.erb within rescues/layout (0.3ms)


Started GET "/tweets/" for 127.0.0.1 at 2016-02-18 23:24:07 +0530
Processing by TweetsController#index as HTML
  Rendered tweets/index.html.erb within layouts/application (0.2ms)
Completed 200 OK in 231ms (Views: 230.4ms | ActiveRecord: 0.0ms)


Started GET "/assets/tweets.css?body=1" for 127.0.0.1 at 2016-02-18 23:24:07 +0530


Started GET "/assets/tweets.js?body=1" for 127.0.0.1 at 2016-02-18 23:24:07 +0530


Started GET "/assets/welcome.css?body=1" for 127.0.0.1 at 2016-02-18 23:24:07 +0530


Started GET "/assets/jquery_ujs.js?body=1" for 127.0.0.1 at 2016-02-18 23:24:07 +0530


Started GET "/assets/jquery.js?body=1" for 127.0.0.1 at 2016-02-18 23:24:07 +0530


Started GET "/assets/application.css?body=1" for 127.0.0.1 at 2016-02-18 23:24:07 +0530


Started GET "/assets/turbolinks.js?body=1" for 127.0.0.1 at 2016-02-18 23:24:07 +0530


Started GET "/assets/welcome.js?body=1" for 127.0.0.1 at 2016-02-18 23:24:07 +0530


Started GET "/assets/application.js?body=1" for 127.0.0.1 at 2016-02-18 23:24:07 +0530


Started GET "/tweets/" for 127.0.0.1 at 2016-02-18 23:26:41 +0530
Processing by TweetsController#index as HTML
  Rendered tweets/index.html.erb within layouts/application (1.1ms)
Completed 200 OK in 541ms (Views: 534.4ms | ActiveRecord: 0.0ms)


Started GET "/assets/welcome.css?body=1" for 127.0.0.1 at 2016-02-18 23:26:42 +0530


Started GET "/assets/jquery.js?body=1" for 127.0.0.1 at 2016-02-18 23:26:42 +0530


Started GET "/assets/jquery_ujs.js?body=1" for 127.0.0.1 at 2016-02-18 23:26:42 +0530


Started GET "/assets/turbolinks.js?body=1" for 127.0.0.1 at 2016-02-18 23:26:42 +0530


Started GET "/assets/application.css?body=1" for 127.0.0.1 at 2016-02-18 23:26:42 +0530


Started GET "/assets/tweets.js?body=1" for 127.0.0.1 at 2016-02-18 23:26:42 +0530


Started GET "/assets/welcome.js?body=1" for 127.0.0.1 at 2016-02-18 23:26:42 +0530


Started GET "/assets/tweets.css?body=1" for 127.0.0.1 at 2016-02-18 23:26:42 +0530


Started GET "/assets/application.js?body=1" for 127.0.0.1 at 2016-02-18 23:26:42 +0530


Started GET "/tweets/" for 127.0.0.1 at 2016-02-18 23:41:21 +0530
Processing by TweetsController#index as HTML
Completed 500 Internal Server Error in 8ms

NameError (undefined local variable or method `client' for #<TweetsController:0x0000000534ecc0>):
  app/controllers/tweets_controller.rb:4:in `index'


  Rendered /home/sambhav/.rvm/gems/ruby-2.1.2/gems/actionpack-4.1.4/lib/action_dispatch/middleware/templates/rescues/_source.erb (1.0ms)
  Rendered /home/sambhav/.rvm/gems/ruby-2.1.2/gems/actionpack-4.1.4/lib/action_dispatch/middleware/templates/rescues/_trace.html.erb (1.4ms)
  Rendered /home/sambhav/.rvm/gems/ruby-2.1.2/gems/actionpack-4.1.4/lib/action_dispatch/middleware/templates/rescues/_request_and_response.html.erb (0.7ms)
  Rendered /home/sambhav/.rvm/gems/ruby-2.1.2/gems/actionpack-4.1.4/lib/action_dispatch/middleware/templates/rescues/diagnostics.erb within rescues/layout (18.8ms)


Started GET "/tweets/" for 127.0.0.1 at 2016-02-18 23:42:05 +0530
Processing by TweetsController#index as HTML
Completed 500 Internal Server Error in 10ms

NameError (undefined local variable or method `twitter' for #<TweetsController:0x000000046fb3d8>):
  app/controllers/tweets_controller.rb:4:in `index'


  Rendered /home/sambhav/.rvm/gems/ruby-2.1.2/gems/actionpack-4.1.4/lib/action_dispatch/middleware/templates/rescues/_source.erb (0.7ms)
  Rendered /home/sambhav/.rvm/gems/ruby-2.1.2/gems/actionpack-4.1.4/lib/action_dispatch/middleware/templates/rescues/_trace.html.erb (0.9ms)
  Rendered /home/sambhav/.rvm/gems/ruby-2.1.2/gems/actionpack-4.1.4/lib/action_dispatch/middleware/templates/rescues/_request_and_response.html.erb (0.7ms)
  Rendered /home/sambhav/.rvm/gems/ruby-2.1.2/gems/actionpack-4.1.4/lib/action_dispatch/middleware/templates/rescues/diagnostics.erb within rescues/layout (12.7ms)


Started GET "/tweets/" for 127.0.0.1 at 2016-02-18 23:47:20 +0530
Processing by TweetsController#index as HTML
Completed 500 Internal Server Error in 9ms

NoMethodError (undefined method `load_tweets' for #<TweetsController:0x0000000584e900>):
  activesupport (4.1.4) lib/active_support/callbacks.rb:424:in `block in make_lambda'
  activesupport (4.1.4) lib/active_support/callbacks.rb:160:in `call'
  activesupport (4.1.4) lib/active_support/callbacks.rb:160:in `block in halting'
  activesupport (4.1.4) lib/active_support/callbacks.rb:229:in `call'
  activesupport (4.1.4) lib/active_support/callbacks.rb:229:in `block in halting'
  activesupport (4.1.4) lib/active_support/callbacks.rb:229:in `call'
  activesupport (4.1.4) lib/active_support/callbacks.rb:229:in `block in halting'
  activesupport (4.1.4) lib/active_support/callbacks.rb:166:in `call'
  activesupport (4.1.4) lib/active_support/callbacks.rb:166:in `block in halting'
  activesupport (4.1.4) lib/active_support/callbacks.rb:166:in `call'
  activesupport (4.1.4) lib/active_support/callbacks.rb:166:in `block in halting'
  activesupport (4.1.4) lib/active_support/callbacks.rb:166:in `call'
  activesupport (4.1.4) lib/active_support/callbacks.rb:166:in `block in halting'
  activesupport (4.1.4) lib/active_support/callbacks.rb:86:in `call'
  activesupport (4.1.4) lib/active_support/callbacks.rb:86:in `run_callbacks'
  actionpack (4.1.4) lib/abstract_controller/callbacks.rb:19:in `process_action'
  actionpack (4.1.4) lib/action_controller/metal/rescue.rb:29:in `process_action'
  actionpack (4.1.4) lib/action_controller/metal/instrumentation.rb:31:in `block in process_action'
  activesupport (4.1.4) lib/active_support/notifications.rb:159:in `block in instrument'
  activesupport (4.1.4) lib/active_support/notifications/instrumenter.rb:20:in `instrument'
  activesupport (4.1.4) lib/active_support/notifications.rb:159:in `instrument'
  actionpack (4.1.4) lib/action_controller/metal/instrumentation.rb:30:in `process_action'
  actionpack (4.1.4) lib/action_controller/metal/params_wrapper.rb:250:in `process_action'
  activerecord (4.1.4) lib/active_record/railties/controller_runtime.rb:18:in `process_action'
  actionpack (4.1.4) lib/abstract_controller/base.rb:136:in `process'
  actionview (4.1.4) lib/action_view/rendering.rb:30:in `process'
  actionpack (4.1.4) lib/action_controller/metal.rb:196:in `dispatch'
  actionpack (4.1.4) lib/action_controller/metal/rack_delegation.rb:13:in `dispatch'
  actionpack (4.1.4) lib/action_controller/metal.rb:232:in `block in action'
  actionpack (4.1.4) lib/action_dispatch/routing/route_set.rb:82:in `call'
  actionpack (4.1.4) lib/action_dispatch/routing/route_set.rb:82:in `dispatch'
  actionpack (4.1.4) lib/action_dispatch/routing/route_set.rb:50:in `call'
  actionpack (4.1.4) lib/action_dispatch/journey/router.rb:71:in `block in call'
  actionpack (4.1.4) lib/action_dispatch/journey/router.rb:59:in `each'
  actionpack (4.1.4) lib/action_dispatch/journey/router.rb:59:in `call'
  actionpack (4.1.4) lib/action_dispatch/routing/route_set.rb:678:in `call'
  rack (1.5.5) lib/rack/etag.rb:23:in `call'
  rack (1.5.5) lib/rack/conditionalget.rb:25:in `call'
  rack (1.5.5) lib/rack/head.rb:11:in `call'
  actionpack (4.1.4) lib/action_dispatch/middleware/params_parser.rb:27:in `call'
  actionpack (4.1.4) lib/action_dispatch/middleware/flash.rb:254:in `call'
  rack (1.5.5) lib/rack/session/abstract/id.rb:225:in `context'
  rack (1.5.5) lib/rack/session/abstract/id.rb:220:in `call'
  actionpack (4.1.4) lib/action_dispatch/middleware/cookies.rb:560:in `call'
  activerecord (4.1.4) lib/active_record/query_cache.rb:36:in `call'
  activerecord (4.1.4) lib/active_record/connection_adapters/abstract/connection_pool.rb:621:in `call'
  activerecord (4.1.4) lib/active_record/migration.rb:380:in `call'
  actionpack (4.1.4) lib/action_dispatch/middleware/callbacks.rb:29:in `block in call'
  activesupport (4.1.4) lib/active_support/callbacks.rb:82:in `run_callbacks'
  actionpack (4.1.4) lib/action_dispatch/middleware/callbacks.rb:27:in `call'
  actionpack (4.1.4) lib/action_dispatch/middleware/reloader.rb:73:in `call'
  actionpack (4.1.4) lib/action_dispatch/middleware/remote_ip.rb:76:in `call'
  actionpack (4.1.4) lib/action_dispatch/middleware/debug_exceptions.rb:17:in `call'
  actionpack (4.1.4) lib/action_dispatch/middleware/show_exceptions.rb:30:in `call'
  railties (4.1.4) lib/rails/rack/logger.rb:38:in `call_app'
  railties (4.1.4) lib/rails/rack/logger.rb:20:in `block in call'
  activesupport (4.1.4) lib/active_support/tagged_logging.rb:68:in `block in tagged'
  activesupport (4.1.4) lib/active_support/tagged_logging.rb:26:in `tagged'
  activesupport (4.1.4) lib/active_support/tagged_logging.rb:68:in `tagged'
  railties (4.1.4) lib/rails/rack/logger.rb:20:in `call'
  actionpack (4.1.4) lib/action_dispatch/middleware/request_id.rb:21:in `call'
  rack (1.5.5) lib/rack/methodoverride.rb:21:in `call'
  rack (1.5.5) lib/rack/runtime.rb:17:in `call'
  activesupport (4.1.4) lib/active_support/cache/strategy/local_cache_middleware.rb:26:in `call'
  rack (1.5.5) lib/rack/lock.rb:17:in `call'
  actionpack (4.1.4) lib/action_dispatch/middleware/static.rb:64:in `call'
  rack (1.5.5) lib/rack/sendfile.rb:112:in `call'
  railties (4.1.4) lib/rails/engine.rb:514:in `call'
  railties (4.1.4) lib/rails/application.rb:144:in `call'
  rack (1.5.5) lib/rack/lock.rb:17:in `call'
  rack (1.5.5) lib/rack/content_length.rb:14:in `call'
  rack (1.5.5) lib/rack/handler/webrick.rb:60:in `service'
  /home/sambhav/.rvm/rubies/ruby-2.1.2/lib/ruby/2.1.0/webrick/httpserver.rb:138:in `service'
  /home/sambhav/.rvm/rubies/ruby-2.1.2/lib/ruby/2.1.0/webrick/httpserver.rb:94:in `run'
  /home/sambhav/.rvm/rubies/ruby-2.1.2/lib/ruby/2.1.0/webrick/server.rb:295:in `block in start_thread'


  Rendered /home/sambhav/.rvm/gems/ruby-2.1.2/gems/actionpack-4.1.4/lib/action_dispatch/middleware/templates/rescues/_source.erb (0.5ms)
  Rendered /home/sambhav/.rvm/gems/ruby-2.1.2/gems/actionpack-4.1.4/lib/action_dispatch/middleware/templates/rescues/_trace.html.erb (0.9ms)
  Rendered /home/sambhav/.rvm/gems/ruby-2.1.2/gems/actionpack-4.1.4/lib/action_dispatch/middleware/templates/rescues/_request_and_response.html.erb (0.7ms)
  Rendered /home/sambhav/.rvm/gems/ruby-2.1.2/gems/actionpack-4.1.4/lib/action_dispatch/middleware/templates/rescues/diagnostics.erb within rescues/layout (12.7ms)


Started GET "/tweets/" for 127.0.0.1 at 2016-02-18 23:47:37 +0530
Processing by TweetsController#index as HTML
Completed 500 Internal Server Error in 2ms

NameError (undefined local variable or method `twitter' for #<TweetsController:0x00000005d35b30>):
  app/controllers/tweets_controller.rb:7:in `index'


  Rendered /home/sambhav/.rvm/gems/ruby-2.1.2/gems/actionpack-4.1.4/lib/action_dispatch/middleware/templates/rescues/_source.erb (0.6ms)
  Rendered /home/sambhav/.rvm/gems/ruby-2.1.2/gems/actionpack-4.1.4/lib/action_dispatch/middleware/templates/rescues/_trace.html.erb (0.7ms)
  Rendered /home/sambhav/.rvm/gems/ruby-2.1.2/gems/actionpack-4.1.4/lib/action_dispatch/middleware/templates/rescues/_request_and_response.html.erb (0.6ms)
  Rendered /home/sambhav/.rvm/gems/ruby-2.1.2/gems/actionpack-4.1.4/lib/action_dispatch/middleware/templates/rescues/diagnostics.erb within rescues/layout (12.4ms)


Started GET "/tweets/" for 127.0.0.1 at 2016-02-18 23:52:48 +0530
Processing by TweetsController#index as HTML
Completed 500 Internal Server Error in 9ms

NoMethodError (undefined method `user_timeline' for Twitter:Module):
  app/controllers/tweets_controller.rb:10:in `index'


  Rendered /home/sambhav/.rvm/gems/ruby-2.1.2/gems/actionpack-4.1.4/lib/action_dispatch/middleware/templates/rescues/_source.erb (0.5ms)
  Rendered /home/sambhav/.rvm/gems/ruby-2.1.2/gems/actionpack-4.1.4/lib/action_dispatch/middleware/templates/rescues/_trace.html.erb (0.7ms)
  Rendered /home/sambhav/.rvm/gems/ruby-2.1.2/gems/actionpack-4.1.4/lib/action_dispatch/middleware/templates/rescues/_request_and_response.html.erb (1.0ms)
  Rendered /home/sambhav/.rvm/gems/ruby-2.1.2/gems/actionpack-4.1.4/lib/action_dispatch/middleware/templates/rescues/diagnostics.erb within rescues/layout (11.1ms)


Started GET "/tweets/" for 127.0.0.1 at 2016-02-18 23:57:06 +0530
Processing by TweetsController#index as HTML
Completed 500 Internal Server Error in 8ms

NoMethodError (undefined method `search' for Twitter:Module):
  app/controllers/tweets_controller.rb:14:in `index'


  Rendered /home/sambhav/.rvm/gems/ruby-2.1.2/gems/actionpack-4.1.4/lib/action_dispatch/middleware/templates/rescues/_source.erb (0.4ms)
  Rendered /home/sambhav/.rvm/gems/ruby-2.1.2/gems/actionpack-4.1.4/lib/action_dispatch/middleware/templates/rescues/_trace.html.erb (0.8ms)
  Rendered /home/sambhav/.rvm/gems/ruby-2.1.2/gems/actionpack-4.1.4/lib/action_dispatch/middleware/templates/rescues/_request_and_response.html.erb (1.1ms)
  Rendered /home/sambhav/.rvm/gems/ruby-2.1.2/gems/actionpack-4.1.4/lib/action_dispatch/middleware/templates/rescues/diagnostics.erb within rescues/layout (11.2ms)


Started GET "/tweets/" for 127.0.0.1 at 2016-02-18 23:58:58 +0530
Processing by TweetsController#index as HTML
Completed 500 Internal Server Error in 9ms

NameError (undefined local variable or method `client' for #<TweetsController:0x0000000453cbc8>):
  app/controllers/tweets_controller.rb:14:in `index'


  Rendered /home/sambhav/.rvm/gems/ruby-2.1.2/gems/actionpack-4.1.4/lib/action_dispatch/middleware/templates/rescues/_source.erb (0.5ms)
  Rendered /home/sambhav/.rvm/gems/ruby-2.1.2/gems/actionpack-4.1.4/lib/action_dispatch/middleware/templates/rescues/_trace.html.erb (0.8ms)
  Rendered /home/sambhav/.rvm/gems/ruby-2.1.2/gems/actionpack-4.1.4/lib/action_dispatch/middleware/templates/rescues/_request_and_response.html.erb (0.6ms)
  Rendered /home/sambhav/.rvm/gems/ruby-2.1.2/gems/actionpack-4.1.4/lib/action_dispatch/middleware/templates/rescues/diagnostics.erb within rescues/layout (12.5ms)


Started GET "/tweets/" for 127.0.0.1 at 2016-02-19 00:00:47 +0530
Processing by TweetsController#index as HTML
Completed 500 Internal Server Error in 8ms

NameError (undefined local variable or method `client' for #<TweetsController:0x00000004f002e0>):
  app/controllers/tweets_controller.rb:14:in `index'


  Rendered /home/sambhav/.rvm/gems/ruby-2.1.2/gems/actionpack-4.1.4/lib/action_dispatch/middleware/templates/rescues/_source.erb (0.4ms)
  Rendered /home/sambhav/.rvm/gems/ruby-2.1.2/gems/actionpack-4.1.4/lib/action_dispatch/middleware/templates/rescues/_trace.html.erb (0.9ms)
  Rendered /home/sambhav/.rvm/gems/ruby-2.1.2/gems/actionpack-4.1.4/lib/action_dispatch/middleware/templates/rescues/_request_and_response.html.erb (0.8ms)
  Rendered /home/sambhav/.rvm/gems/ruby-2.1.2/gems/actionpack-4.1.4/lib/action_dispatch/middleware/templates/rescues/diagnostics.erb within rescues/layout (12.2ms)


Started GET "/tweets/" for 127.0.0.1 at 2016-02-19 00:02:26 +0530
Processing by TweetsController#index as HTML
Completed 500 Internal Server Error in 8ms

NameError (undefined local variable or method `client' for #<TweetsController:0x00000004297940>):
  app/controllers/tweets_controller.rb:12:in `index'


  Rendered /home/sambhav/.rvm/gems/ruby-2.1.2/gems/actionpack-4.1.4/lib/action_dispatch/middleware/templates/rescues/_source.erb (0.4ms)
  Rendered /home/sambhav/.rvm/gems/ruby-2.1.2/gems/actionpack-4.1.4/lib/action_dispatch/middleware/templates/rescues/_trace.html.erb (1.2ms)
  Rendered /home/sambhav/.rvm/gems/ruby-2.1.2/gems/actionpack-4.1.4/lib/action_dispatch/middleware/templates/rescues/_request_and_response.html.erb (0.7ms)
  Rendered /home/sambhav/.rvm/gems/ruby-2.1.2/gems/actionpack-4.1.4/lib/action_dispatch/middleware/templates/rescues/diagnostics.erb within rescues/layout (12.2ms)


Started GET "/tweets/" for 127.0.0.1 at 2016-02-19 00:02:27 +0530
Processing by TweetsController#index as HTML
Completed 500 Internal Server Error in 2ms

NameError (undefined local variable or method `client' for #<TweetsController:0x00000004650b40>):
  app/controllers/tweets_controller.rb:12:in `index'


  Rendered /home/sambhav/.rvm/gems/ruby-2.1.2/gems/actionpack-4.1.4/lib/action_dispatch/middleware/templates/rescues/_source.erb (0.7ms)
  Rendered /home/sambhav/.rvm/gems/ruby-2.1.2/gems/actionpack-4.1.4/lib/action_dispatch/middleware/templates/rescues/_trace.html.erb (0.8ms)
  Rendered /home/sambhav/.rvm/gems/ruby-2.1.2/gems/actionpack-4.1.4/lib/action_dispatch/middleware/templates/rescues/_request_and_response.html.erb (0.7ms)
  Rendered /home/sambhav/.rvm/gems/ruby-2.1.2/gems/actionpack-4.1.4/lib/action_dispatch/middleware/templates/rescues/diagnostics.erb within rescues/layout (12.3ms)


Started GET "/tweets/" for 127.0.0.1 at 2016-02-19 00:02:27 +0530
Processing by TweetsController#index as HTML
Completed 500 Internal Server Error in 3ms

NameError (undefined local variable or method `client' for #<TweetsController:0x000000048e15d0>):
  app/controllers/tweets_controller.rb:12:in `index'


  Rendered /home/sambhav/.rvm/gems/ruby-2.1.2/gems/actionpack-4.1.4/lib/action_dispatch/middleware/templates/rescues/_source.erb (0.4ms)
  Rendered /home/sambhav/.rvm/gems/ruby-2.1.2/gems/actionpack-4.1.4/lib/action_dispatch/middleware/templates/rescues/_trace.html.erb (0.7ms)
  Rendered /home/sambhav/.rvm/gems/ruby-2.1.2/gems/actionpack-4.1.4/lib/action_dispatch/middleware/templates/rescues/_request_and_response.html.erb (0.8ms)
  Rendered /home/sambhav/.rvm/gems/ruby-2.1.2/gems/actionpack-4.1.4/lib/action_dispatch/middleware/templates/rescues/diagnostics.erb within rescues/layout (11.5ms)


Started GET "/tweets/" for 127.0.0.1 at 2016-02-19 00:02:28 +0530
Processing by TweetsController#index as HTML
Completed 500 Internal Server Error in 2ms

NameError (undefined local variable or method `client' for #<TweetsController:0x00000004b5f5c8>):
  app/controllers/tweets_controller.rb:12:in `index'


  Rendered /home/sambhav/.rvm/gems/ruby-2.1.2/gems/actionpack-4.1.4/lib/action_dispatch/middleware/templates/rescues/_source.erb (0.5ms)
  Rendered /home/sambhav/.rvm/gems/ruby-2.1.2/gems/actionpack-4.1.4/lib/action_dispatch/middleware/templates/rescues/_trace.html.erb (0.8ms)
  Rendered /home/sambhav/.rvm/gems/ruby-2.1.2/gems/actionpack-4.1.4/lib/action_dispatch/middleware/templates/rescues/_request_and_response.html.erb (0.7ms)
  Rendered /home/sambhav/.rvm/gems/ruby-2.1.2/gems/actionpack-4.1.4/lib/action_dispatch/middleware/templates/rescues/diagnostics.erb within rescues/layout (11.6ms)


Started GET "/tweets/" for 127.0.0.1 at 2016-02-19 00:02:28 +0530
Processing by TweetsController#index as HTML
Completed 500 Internal Server Error in 2ms

NameError (undefined local variable or method `client' for #<TweetsController:0x007f96801523e0>):
  app/controllers/tweets_controller.rb:12:in `index'


  Rendered /home/sambhav/.rvm/gems/ruby-2.1.2/gems/actionpack-4.1.4/lib/action_dispatch/middleware/templates/rescues/_source.erb (0.4ms)
  Rendered /home/sambhav/.rvm/gems/ruby-2.1.2/gems/actionpack-4.1.4/lib/action_dispatch/middleware/templates/rescues/_trace.html.erb (0.8ms)
  Rendered /home/sambhav/.rvm/gems/ruby-2.1.2/gems/actionpack-4.1.4/lib/action_dispatch/middleware/templates/rescues/_request_and_response.html.erb (0.6ms)
  Rendered /home/sambhav/.rvm/gems/ruby-2.1.2/gems/actionpack-4.1.4/lib/action_dispatch/middleware/templates/rescues/diagnostics.erb within rescues/layout (11.9ms)


Started GET "/tweets/" for 127.0.0.1 at 2016-02-19 00:02:46 +0530
Processing by TweetsController#index as HTML
Completed 500 Internal Server Error in 2ms

NameError (undefined local variable or method `twitter' for #<TweetsController:0x00000000cf8500>):
  app/controllers/tweets_controller.rb:12:in `index'


  Rendered /home/sambhav/.rvm/gems/ruby-2.1.2/gems/actionpack-4.1.4/lib/action_dispatch/middleware/templates/rescues/_source.erb (0.5ms)
  Rendered /home/sambhav/.rvm/gems/ruby-2.1.2/gems/actionpack-4.1.4/lib/action_dispatch/middleware/templates/rescues/_trace.html.erb (0.8ms)
  Rendered /home/sambhav/.rvm/gems/ruby-2.1.2/gems/actionpack-4.1.4/lib/action_dispatch/middleware/templates/rescues/_request_and_response.html.erb (0.6ms)
  Rendered /home/sambhav/.rvm/gems/ruby-2.1.2/gems/actionpack-4.1.4/lib/action_dispatch/middleware/templates/rescues/diagnostics.erb within rescues/layout (11.2ms)


Started GET "/tweets/" for 127.0.0.1 at 2016-02-19 00:04:33 +0530
Processing by TweetsController#index as HTML
Completed 500 Internal Server Error in 1ms

NoMethodError (undefined method `search' for nil:NilClass):
  app/controllers/tweets_controller.rb:12:in `index'


  Rendered /home/sambhav/.rvm/gems/ruby-2.1.2/gems/actionpack-4.1.4/lib/action_dispatch/middleware/templates/rescues/_source.erb (0.5ms)
  Rendered /home/sambhav/.rvm/gems/ruby-2.1.2/gems/actionpack-4.1.4/lib/action_dispatch/middleware/templates/rescues/_trace.html.erb (0.9ms)
  Rendered /home/sambhav/.rvm/gems/ruby-2.1.2/gems/actionpack-4.1.4/lib/action_dispatch/middleware/templates/rescues/_request_and_response.html.erb (1.0ms)
  Rendered /home/sambhav/.rvm/gems/ruby-2.1.2/gems/actionpack-4.1.4/lib/action_dispatch/middleware/templates/rescues/diagnostics.erb within rescues/layout (11.8ms)


Started GET "/tweets/" for 127.0.0.1 at 2016-02-19 00:04:51 +0530
Processing by TweetsController#index as HTML
  Rendered tweets/index.html.erb within layouts/application (0.8ms)
Completed 200 OK in 2289ms (Views: 81.1ms | ActiveRecord: 0.0ms)


Started GET "/assets/tweets.css?body=1" for 127.0.0.1 at 2016-02-19 00:04:53 +0530


Started GET "/assets/welcome.css?body=1" for 127.0.0.1 at 2016-02-19 00:04:53 +0530


Started GET "/assets/application.css?body=1" for 127.0.0.1 at 2016-02-19 00:04:53 +0530


Started GET "/assets/tweets.js?body=1" for 127.0.0.1 at 2016-02-19 00:04:53 +0530


Started GET "/assets/application.js?body=1" for 127.0.0.1 at 2016-02-19 00:04:53 +0530


Started GET "/assets/jquery.js?body=1" for 127.0.0.1 at 2016-02-19 00:04:53 +0530


Started GET "/assets/jquery_ujs.js?body=1" for 127.0.0.1 at 2016-02-19 00:04:53 +0530


Started GET "/assets/turbolinks.js?body=1" for 127.0.0.1 at 2016-02-19 00:04:53 +0530


Started GET "/assets/welcome.js?body=1" for 127.0.0.1 at 2016-02-19 00:04:53 +0530


Started GET "/assets/tweets.js?body=1" for 127.0.0.1 at 2016-02-19 00:04:54 +0530


Started GET "/assets/application.js?body=1" for 127.0.0.1 at 2016-02-19 00:04:54 +0530


Started GET "/tweets/" for 127.0.0.1 at 2016-02-19 00:08:14 +0530
Processing by TweetsController#index as HTML
  Rendered tweets/index.html.erb within layouts/application (0.0ms)
Completed 200 OK in 1446ms (Views: 32.5ms | ActiveRecord: 0.0ms)


Started GET "/assets/tweets.css?body=1" for 127.0.0.1 at 2016-02-19 00:08:16 +0530


Started GET "/assets/application.css?body=1" for 127.0.0.1 at 2016-02-19 00:08:16 +0530


Started GET "/assets/jquery.js?body=1" for 127.0.0.1 at 2016-02-19 00:08:16 +0530


Started GET "/assets/welcome.css?body=1" for 127.0.0.1 at 2016-02-19 00:08:16 +0530


Started GET "/assets/turbolinks.js?body=1" for 127.0.0.1 at 2016-02-19 00:08:16 +0530


Started GET "/assets/jquery_ujs.js?body=1" for 127.0.0.1 at 2016-02-19 00:08:16 +0530


Started GET "/assets/welcome.js?body=1" for 127.0.0.1 at 2016-02-19 00:08:16 +0530


Started GET "/assets/application.js?body=1" for 127.0.0.1 at 2016-02-19 00:08:16 +0530


Started GET "/assets/tweets.js?body=1" for 127.0.0.1 at 2016-02-19 00:08:16 +0530


Started GET "/tweets/" for 127.0.0.1 at 2016-02-19 00:08:36 +0530
Processing by TweetsController#index as HTML
  Rendered tweets/index.html.erb within layouts/application (0.1ms)
Completed 200 OK in 1464ms (Views: 57.5ms | ActiveRecord: 0.0ms)


Started GET "/assets/tweets.css?body=1" for 127.0.0.1 at 2016-02-19 00:08:38 +0530


Started GET "/assets/welcome.css?body=1" for 127.0.0.1 at 2016-02-19 00:08:38 +0530


Started GET "/assets/jquery.js?body=1" for 127.0.0.1 at 2016-02-19 00:08:38 +0530


Started GET "/assets/application.css?body=1" for 127.0.0.1 at 2016-02-19 00:08:38 +0530


Started GET "/assets/jquery_ujs.js?body=1" for 127.0.0.1 at 2016-02-19 00:08:38 +0530


Started GET "/assets/turbolinks.js?body=1" for 127.0.0.1 at 2016-02-19 00:08:38 +0530


Started GET "/assets/welcome.js?body=1" for 127.0.0.1 at 2016-02-19 00:08:38 +0530


Started GET "/assets/application.js?body=1" for 127.0.0.1 at 2016-02-19 00:08:38 +0530


Started GET "/assets/tweets.js?body=1" for 127.0.0.1 at 2016-02-19 00:08:38 +0530


Started GET "/tweets/" for 127.0.0.1 at 2016-02-19 00:09:54 +0530
Processing by TweetsController#index as HTML
  Rendered tweets/index.html.erb within layouts/application (0.2ms)
Completed 200 OK in 1387ms (Views: 38.2ms | ActiveRecord: 0.0ms)


Started GET "/assets/welcome.css?body=1" for 127.0.0.1 at 2016-02-19 00:09:55 +0530


Started GET "/assets/application.css?body=1" for 127.0.0.1 at 2016-02-19 00:09:55 +0530


Started GET "/assets/jquery_ujs.js?body=1" for 127.0.0.1 at 2016-02-19 00:09:55 +0530


Started GET "/assets/turbolinks.js?body=1" for 127.0.0.1 at 2016-02-19 00:09:55 +0530


Started GET "/assets/tweets.js?body=1" for 127.0.0.1 at 2016-02-19 00:09:55 +0530


Started GET "/assets/jquery.js?body=1" for 127.0.0.1 at 2016-02-19 00:09:55 +0530


Started GET "/assets/tweets.css?body=1" for 127.0.0.1 at 2016-02-19 00:09:55 +0530


Started GET "/assets/application.js?body=1" for 127.0.0.1 at 2016-02-19 00:09:55 +0530


Started GET "/assets/welcome.js?body=1" for 127.0.0.1 at 2016-02-19 00:09:55 +0530


Started GET "/tweets/" for 127.0.0.1 at 2016-02-19 00:10:13 +0530
Processing by TweetsController#index as HTML
  Rendered tweets/index.html.erb within layouts/application (0.0ms)
Completed 200 OK in 1381ms (Views: 40.3ms | ActiveRecord: 0.0ms)


Started GET "/assets/tweets.css?body=1" for 127.0.0.1 at 2016-02-19 00:10:15 +0530


Started GET "/assets/application.css?body=1" for 127.0.0.1 at 2016-02-19 00:10:15 +0530


Started GET "/assets/welcome.css?body=1" for 127.0.0.1 at 2016-02-19 00:10:15 +0530


Started GET "/assets/jquery.js?body=1" for 127.0.0.1 at 2016-02-19 00:10:15 +0530


Started GET "/assets/jquery_ujs.js?body=1" for 127.0.0.1 at 2016-02-19 00:10:15 +0530


Started GET "/assets/application.js?body=1" for 127.0.0.1 at 2016-02-19 00:10:15 +0530


Started GET "/assets/tweets.js?body=1" for 127.0.0.1 at 2016-02-19 00:10:15 +0530


Started GET "/assets/turbolinks.js?body=1" for 127.0.0.1 at 2016-02-19 00:10:15 +0530


Started GET "/assets/welcome.js?body=1" for 127.0.0.1 at 2016-02-19 00:10:15 +0530
